time=2026-02-16T09:20:59.377-06:00 level=INFO msg="Starting server" address=:4000 env=development
time=2026-02-16T10:47:26.902-06:00 level=ERROR msg="pq: insert or update on table \"users\" violates foreign key constraint \"users_role_id_fkey\" (23503)" method=POST uri=/v1/users
time=2026-02-16T10:49:23.808-06:00 level=ERROR msg="pq: insert or update on table \"users\" violates foreign key constraint \"users_role_id_fkey\" (23503)" method=POST uri=/v1/users
time=2026-02-16T10:54:57.906-06:00 level=INFO msg="Activating user" user_id=3 username=amilcar email=belizeno@gmail.com
time=2026-02-16T13:10:32.374-06:00 level=INFO msg="Shutting down server" signal=interrupt
time=2026-02-16T13:10:32.376-06:00 level=INFO msg="Completing background tasks" address=:4000
time=2026-02-16T13:10:32.376-06:00 level=INFO msg="Server stopped" addr=:4000
time=2026-02-16T13:10:48.865-06:00 level=INFO msg="Starting server" address=:4000 env=development
time=2026-02-16T13:13:37.518-06:00 level=INFO msg="Shutting down server" signal=interrupt
time=2026-02-16T13:13:37.519-06:00 level=INFO msg="Completing background tasks" address=:4000
time=2026-02-16T13:13:37.519-06:00 level=INFO msg="Server stopped" addr=:4000
time=2026-02-16T13:41:23.619-06:00 level=INFO msg="Starting server" address=:4000 env=development
time=2026-02-16T13:57:45.704-06:00 level=INFO msg="Shutting down server" signal=interrupt
time=2026-02-16T13:57:45.704-06:00 level=INFO msg="Completing background tasks" address=:4000
time=2026-02-16T13:57:45.704-06:00 level=INFO msg="Server stopped" addr=:4000
time=2026-02-16T13:57:53.043-06:00 level=INFO msg="Starting server" address=:4000 env=development
time=2026-02-16T14:01:23.509-06:00 level=INFO msg="Shutting down server" signal=interrupt
time=2026-02-16T14:01:23.510-06:00 level=INFO msg="Completing background tasks" address=:4000
time=2026-02-16T14:01:23.510-06:00 level=INFO msg="Server stopped" addr=:4000
time=2026-02-16T14:01:31.720-06:00 level=INFO msg="Starting server" address=:4000 env=development
time=2026-02-16T14:07:22.269-06:00 level=INFO msg="Starting server" address=:4000 env=development
time=2026-02-16T14:07:22.269-06:00 level=ERROR msg="listen tcp :4000: bind: address already in use"
time=2026-02-16T14:08:14.641-06:00 level=INFO msg="Starting server" address=:4000 env=development
time=2026-02-16T14:08:14.641-06:00 level=ERROR msg="listen tcp :4000: bind: address already in use"
time=2026-02-16T14:08:42.139-06:00 level=INFO msg="Starting server" address=:4000 env=development
time=2026-02-16T14:14:53.297-06:00 level=INFO msg="Receiving resource creation request" method=POST path=/v1/resources
time=2026-02-16T14:14:53.297-06:00 level=INFO msg="Parsed resource data" title="testing hopefully this time it works" category=Video grade_level="Standard 1" contributor_id=3
time=2026-02-16T14:14:53.297-06:00 level=INFO msg="Attempting to insert resource into database"
time=2026-02-16T14:14:53.303-06:00 level=INFO msg="Resource created successfully" resource_id=1
time=2026-02-16T14:24:05.310-06:00 level=INFO msg="Receiving resource creation request" method=POST path=/v1/resources
time=2026-02-16T14:24:05.310-06:00 level=INFO msg="Parsed resource data" title="Intro to Functions" category=LessonPlan grade_level="Infant 1" contributor_id=3
time=2026-02-16T14:24:05.310-06:00 level=INFO msg="Attempting to insert resource into database"
time=2026-02-16T14:24:05.315-06:00 level=INFO msg="Resource created successfully" resource_id=2
time=2026-02-16T14:39:50.299-06:00 level=INFO msg="Starting server" address=:4000 env=development
time=2026-02-16T14:39:50.299-06:00 level=ERROR msg="listen tcp :4000: bind: address already in use"
time=2026-02-16T14:40:19.260-06:00 level=INFO msg="Starting server" address=:4000 env=development
time=2026-02-16T14:40:29.342-06:00 level=ERROR msg="pq: invalid input value for enum resource_status: \"\" at position 4:30 (22P02)" method=GET uri=/v1/resources
time=2026-02-16T14:40:29.359-06:00 level=ERROR msg="pq: invalid input value for enum resource_status: \"\" at position 4:30 (22P02)" method=GET uri=/v1/resources
time=2026-02-16T14:40:29.363-06:00 level=ERROR msg="pq: invalid input value for enum resource_status: \"\" at position 4:30 (22P02)" method=GET uri=/v1/resources
time=2026-02-16T14:40:35.431-06:00 level=ERROR msg="pq: invalid input value for enum resource_status: \"\" at position 4:30 (22P02)" method=GET uri=/v1/resources
time=2026-02-16T14:41:53.645-06:00 level=ERROR msg="pq: invalid input value for enum resource_status: \"\" at position 4:30 (22P02)" method=GET uri=/v1/resources
time=2026-02-16T14:41:53.664-06:00 level=ERROR msg="pq: invalid input value for enum resource_status: \"\" at position 4:30 (22P02)" method=GET uri=/v1/resources
time=2026-02-16T14:41:53.667-06:00 level=ERROR msg="pq: invalid input value for enum resource_status: \"\" at position 4:30 (22P02)" method=GET uri=/v1/resources
time=2026-02-16T14:42:38.898-06:00 level=INFO msg="Starting server" address=:4000 env=development
time=2026-02-16T15:47:46.521-06:00 level=INFO msg="Starting server" address=:4000 env=development
time=2026-02-16T15:48:25.057-06:00 level=ERROR msg="pq: DISTINCT is not implemented for window functions at position 2:11 (0A000)" method=GET uri="/v1/resources?subject=Computer+Science"
time=2026-02-16T15:48:26.380-06:00 level=ERROR msg="pq: DISTINCT is not implemented for window functions at position 2:11 (0A000)" method=GET uri="/v1/resources?subject=Science"
time=2026-02-16T15:56:52.806-06:00 level=ERROR msg="pq: DISTINCT is not implemented for window functions at position 2:11 (0A000)" method=GET uri="/v1/resources?subject=Science"
time=2026-02-16T15:56:55.093-06:00 level=ERROR msg="pq: DISTINCT is not implemented for window functions at position 2:11 (0A000)" method=GET uri="/v1/resources?subject=Information+Technology"
time=2026-02-16T15:56:56.445-06:00 level=ERROR msg="pq: DISTINCT is not implemented for window functions at position 2:11 (0A000)" method=GET uri="/v1/resources?subject=Computer+Science"
time=2026-02-16T15:57:04.229-06:00 level=ERROR msg="pq: DISTINCT is not implemented for window functions at position 2:11 (0A000)" method=GET uri="/v1/resources?grade_level=Standard+3"
time=2026-02-16T15:57:06.266-06:00 level=ERROR msg="pq: DISTINCT is not implemented for window functions at position 2:11 (0A000)" method=GET uri="/v1/resources?grade_level=Standard+1"
time=2026-02-16T15:59:15.709-06:00 level=ERROR msg="pq: DISTINCT is not implemented for window functions at position 2:11 (0A000)" method=GET uri="/v1/resources?subject=Belizean+History"
time=2026-02-16T16:00:57.450-06:00 level=INFO msg="Starting server" address=:4000 env=development
time=2026-02-16T16:01:38.856-06:00 level=ERROR msg="pq: syntax error at or near \"FROM\" at position 14:4 (42601)" method=GET uri="/v1/resources?subject=Computer%20Science"
time=2026-02-16T16:03:29.331-06:00 level=INFO msg="Starting server" address=:4000 env=development
